<?xml version="1.0" encoding="UTF-8"?>
<!-- Generated by org.testng.reporters.JUnitXMLReporter -->
<testsuite ignored="8" hostname="INBook_X1" failures="0" tests="6" name="Test" time="98.267" errors="0" timestamp="2025-03-28T10:09:36 IST">
  <testcase classname="testCaseRepo.TC_005" name="CON_002" time="50.807"/>
  <testcase classname="testCaseRepo.Test_TC_001" name="LE_001" time="47.662"/>
  <testcase classname="testCaseRepo.TC_002" name="LE_002" time="49.817"/>
  <testcase classname="testCaseRepo.TC_004" name="CON_001" time="35.431"/>
  <testcase classname="testCaseRepo.TC_006" name="CON_003" time="45.459"/>
  <testcase classname="testCaseRepo.Test_TC_001" name="demo" time="0.0"/>
  <testcase classname="genericUtility.BaseClass" name="@BeforeSuite dbConnection" time="0.0">
    <ignored/>
  </testcase> <!-- @BeforeSuite dbConnection -->
  <testcase classname="genericUtility.BaseClass" name="@BeforeSuite dbConnection" time="0.0">
    <ignored/>
  </testcase> <!-- @BeforeSuite dbConnection -->
  <testcase classname="genericUtility.BaseClass" name="@AfterSuite closeDBConnection" time="0.0">
    <ignored/>
  </testcase> <!-- @AfterSuite closeDBConnection -->
  <testcase classname="genericUtility.BaseClass" name="@BeforeSuite dbConnection" time="0.0">
    <ignored/>
  </testcase> <!-- @BeforeSuite dbConnection -->
  <testcase classname="genericUtility.BaseClass" name="@AfterSuite closeDBConnection" time="0.0">
    <ignored/>
  </testcase> <!-- @AfterSuite closeDBConnection -->
  <testcase classname="genericUtility.BaseClass" name="@BeforeSuite dbConnection" time="0.0">
    <ignored/>
  </testcase> <!-- @BeforeSuite dbConnection -->
  <testcase classname="genericUtility.BaseClass" name="@AfterSuite closeDBConnection" time="0.0">
    <ignored/>
  </testcase> <!-- @AfterSuite closeDBConnection -->
  <testcase classname="genericUtility.BaseClass" name="@AfterSuite closeDBConnection" time="0.0">
    <ignored/>
  </testcase> <!-- @AfterSuite closeDBConnection -->
</testsuite> <!-- Test -->
