<?xml version="1.0" encoding="UTF-8"?>
<testng-results ignored="0" total="3" passed="3" failed="0" skipped="0">
  <reporter-output>
    <line>
      <![CDATA[LE_001->On Test start]]>
    </line>
    <line>
      <![CDATA[LE_001->On Test success]]>
    </line>
    <line>
      <![CDATA[demo->On Test start]]>
    </line>
    <line>
      <![CDATA[demo->On Test success]]>
    </line>
  </reporter-output>
  <suite started-at="2025-03-28T10:10:22 IST" name="Suite" finished-at="2025-03-28T10:11:19 IST" duration-ms="57081">
    <groups>
      <group name="Regression">
        <method signature="Test_TC_001.LE_001()[pri:0, instance:testCaseRepo.Test_TC_001@323b36e0]" name="LE_001" class="testCaseRepo.Test_TC_001"/>
      </group> <!-- Regression -->
    </groups>
    <test started-at="2025-03-28T10:10:22 IST" name="Test2" finished-at="2025-03-28T10:11:06 IST" duration-ms="43966">
      <class name="testCaseRepo.TC_004">
        <test-method is-config="true" signature="dbConnection()[pri:0, instance:testCaseRepo.TC_004@74f0ea28]" started-at="2025-03-28T10:10:22 IST" name="dbConnection" finished-at="2025-03-28T10:10:22 IST" duration-ms="18" status="PASS">
          <reporter-output>
          </reporter-output>
        </test-method> <!-- dbConnection -->
        <test-method is-config="true" signature="launchBrowser(java.lang.String)[pri:0, instance:testCaseRepo.TC_004@74f0ea28]" started-at="2025-03-28T10:10:22 IST" name="launchBrowser" finished-at="2025-03-28T10:10:33 IST" duration-ms="10285" status="PASS">
          <params>
            <param index="0">
              <value>
                <![CDATA[edge]]>
              </value>
            </param>
          </params>
          <reporter-output>
          </reporter-output>
        </test-method> <!-- launchBrowser -->
        <test-method is-config="true" signature="loginOperation()[pri:0, instance:testCaseRepo.TC_004@74f0ea28]" started-at="2025-03-28T10:10:33 IST" name="loginOperation" finished-at="2025-03-28T10:10:40 IST" duration-ms="7802" status="PASS">
          <reporter-output>
          </reporter-output>
        </test-method> <!-- loginOperation -->
        <test-method signature="CON_001()[pri:0, instance:testCaseRepo.TC_004@74f0ea28]" started-at="2025-03-28T10:10:40 IST" name="CON_001" finished-at="2025-03-28T10:11:03 IST" duration-ms="22997" status="PASS">
          <reporter-output>
          </reporter-output>
        </test-method> <!-- CON_001 -->
        <test-method is-config="true" signature="signOutOperation()[pri:0, instance:testCaseRepo.TC_004@74f0ea28]" started-at="2025-03-28T10:11:03 IST" name="signOutOperation" finished-at="2025-03-28T10:11:06 IST" duration-ms="2841" status="PASS">
          <reporter-output>
          </reporter-output>
        </test-method> <!-- signOutOperation -->
        <test-method is-config="true" signature="closeBrowser()[pri:0, instance:testCaseRepo.TC_004@74f0ea28]" started-at="2025-03-28T10:11:06 IST" name="closeBrowser" finished-at="2025-03-28T10:11:06 IST" duration-ms="1" status="PASS">
          <reporter-output>
          </reporter-output>
        </test-method> <!-- closeBrowser -->
        <test-method is-config="true" signature="closeDBConnection()[pri:0, instance:testCaseRepo.TC_004@74f0ea28]" started-at="2025-03-28T10:11:20 IST" name="closeDBConnection" finished-at="2025-03-28T10:11:20 IST" duration-ms="0" status="PASS">
          <reporter-output>
          </reporter-output>
        </test-method> <!-- closeDBConnection -->
      </class> <!-- testCaseRepo.TC_004 -->
    </test> <!-- Test2 -->
    <test started-at="2025-03-28T10:10:22 IST" name="Test1" finished-at="2025-03-28T10:11:19 IST" duration-ms="57081">
      <class name="testCaseRepo.Test_TC_001">
        <test-method is-config="true" signature="launchBrowser(java.lang.String)[pri:0, instance:testCaseRepo.Test_TC_001@323b36e0]" started-at="2025-03-28T10:10:23 IST" name="launchBrowser" finished-at="2025-03-28T10:10:29 IST" duration-ms="6221" status="PASS">
          <params>
            <param index="0">
              <value>
                <![CDATA[chrome]]>
              </value>
            </param>
          </params>
          <reporter-output>
          </reporter-output>
        </test-method> <!-- launchBrowser -->
        <test-method is-config="true" signature="loginOperation()[pri:0, instance:testCaseRepo.Test_TC_001@323b36e0]" started-at="2025-03-28T10:10:29 IST" name="loginOperation" finished-at="2025-03-28T10:10:29 IST" duration-ms="419" status="PASS">
          <reporter-output>
          </reporter-output>
        </test-method> <!-- loginOperation -->
        <test-method signature="LE_001()[pri:0, instance:testCaseRepo.Test_TC_001@323b36e0]" started-at="2025-03-28T10:10:29 IST" name="LE_001" finished-at="2025-03-28T10:11:00 IST" duration-ms="30709" status="PASS">
          <reporter-output>
            <line>
              <![CDATA[LE_001->On Test start]]>
            </line>
            <line>
              <![CDATA[LE_001->On Test success]]>
            </line>
          </reporter-output>
        </test-method> <!-- LE_001 -->
        <test-method is-config="true" signature="signOutOperation()[pri:0, instance:testCaseRepo.Test_TC_001@323b36e0]" started-at="2025-03-28T10:11:00 IST" name="signOutOperation" finished-at="2025-03-28T10:11:04 IST" duration-ms="3882" status="PASS">
          <reporter-output>
          </reporter-output>
        </test-method> <!-- signOutOperation -->
        <test-method is-config="true" signature="loginOperation()[pri:0, instance:testCaseRepo.Test_TC_001@323b36e0]" started-at="2025-03-28T10:11:04 IST" name="loginOperation" finished-at="2025-03-28T10:11:11 IST" duration-ms="7115" status="PASS">
          <reporter-output>
          </reporter-output>
        </test-method> <!-- loginOperation -->
        <test-method signature="demo()[pri:0, instance:testCaseRepo.Test_TC_001@323b36e0]" started-at="2025-03-28T10:11:11 IST" name="demo" finished-at="2025-03-28T10:11:11 IST" duration-ms="3" status="PASS">
          <reporter-output>
            <line>
              <![CDATA[demo->On Test start]]>
            </line>
            <line>
              <![CDATA[demo->On Test success]]>
            </line>
          </reporter-output>
        </test-method> <!-- demo -->
        <test-method is-config="true" signature="signOutOperation()[pri:0, instance:testCaseRepo.Test_TC_001@323b36e0]" started-at="2025-03-28T10:11:11 IST" name="signOutOperation" finished-at="2025-03-28T10:11:19 IST" duration-ms="8190" status="PASS">
          <reporter-output>
          </reporter-output>
        </test-method> <!-- signOutOperation -->
        <test-method is-config="true" signature="closeBrowser()[pri:0, instance:testCaseRepo.Test_TC_001@323b36e0]" started-at="2025-03-28T10:11:19 IST" name="closeBrowser" finished-at="2025-03-28T10:11:19 IST" duration-ms="1" status="PASS">
          <reporter-output>
          </reporter-output>
        </test-method> <!-- closeBrowser -->
      </class> <!-- testCaseRepo.Test_TC_001 -->
    </test> <!-- Test1 -->
  </suite> <!-- Suite -->
</testng-results>
